#
# A fatal error has been detected by the Java Runtime Environment:
#
#  EXCEPTION_ACCESS_VIOLATION (0xc0000005) at pc=0x00007ffa963c14f6, pid=30532, tid=28840
#
# JRE version:  (17.0.12+7) (build )
# Java VM: OpenJDK 64-Bit Server VM (17.0.12+7-LTS, mixed mode, sharing, tiered, compressed oops, compressed class ptrs, g1 gc, windows-amd64)
# Problematic frame:
# C  [ntdll.dll+0x814f6]
#
# No core dump will be written. Minidumps are not enabled by default on client versions of Windows
#
# The crash happened outside the Java Virtual Machine in native code.
# See problematic frame for where to report the bug.
#

---------------  S U M M A R Y ------------

Command Line: -Dclassworlds.conf=C:\Program Files\JetBrains\IntelliJ IDEA 2024.3\plugins\maven\lib\maven3\bin\m2.conf -Dmaven.home=C:\Program Files\JetBrains\IntelliJ IDEA 2024.3\plugins\maven\lib\maven3 -Dlibrary.jansi.path=C:\Program Files\JetBrains\IntelliJ IDEA 2024.3\plugins\maven\lib\maven3\lib\jansi-native -Dmaven.multiModuleProjectDirectory=D:\dev\github\admin\openwj\tagtag\tagtag org.codehaus.plexus.classworlds.launcher.Launcher -Didea.version=2025.2.4 -Dmaven.ext.class.path=C:\Program Files\JetBrains\IntelliJ IDEA 2024.3\plugins\maven\lib\maven-event-listener.jar -Djansi.passthrough=true -Dstyle.color=always -s D:\apps\Maven\settings.xml -Dmaven.repo.local=D:\apps\Maven\repository package -f pom.xml

Host: 12th Gen Intel(R) Core(TM) i7-12700, 20 cores, 15G,  Windows 11 , 64 bit Build 26100 (10.0.26100.5074)
Time: Tue Nov 18 09:15:34 2025  Windows 11 , 64 bit Build 26100 (10.0.26100.5074) elapsed time: 0.031533 seconds (0d 0h 0m 0s)

---------------  T H R E A D  ---------------

Current thread (0x0000022982c62920):  JavaThread "main" [_thread_in_native, id=28840, stack(0x000000e766a00000,0x000000e766b00000)]

Stack: [0x000000e766a00000,0x000000e766b00000],  sp=0x000000e766afd330,  free space=1012k
Native frames: (J=compiled Java code, j=interpreted, Vv=VM code, C=native code)
C  [ntdll.dll+0x814f6]
C  [msvcrt.dll+0x1d60c]
C  [MozartBreathFile.dll+0x12dbf]

Java frames: (J=compiled Java code, j=interpreted, Vv=VM code)
j  jdk.internal.util.SystemProps$Raw.platformProperties()[Ljava/lang/String;+0 java.base
j  jdk.internal.util.SystemProps$Raw.<init>()V+5 java.base
j  jdk.internal.util.SystemProps.initProperties()Ljava/util/Map;+4 java.base
j  java.lang.System.initPhase1()V+3 java.base
v  ~StubRoutines::call_stub

siginfo: EXCEPTION_ACCESS_VIOLATION (0xc0000005), reading address 0x0000000000000018


Registers:
RAX=0x0000022983493856, RBX=0x000000e766afd560, RCX=0x0000022983493896, RDX=0x0000000000000060
RSP=0x000000e766afd330, RBP=0x000000e766afd590, RSI=0x0000022983483710, RDI=0x00000229834757d0
R8 =0x0000022983483710, R9 =0x0000000000000000, R10=0x0000000000000000, R11=0x000000e766afd220
R12=0x0000000000000000, R13=0x0000000000000000, R14=0x0000000000000002, R15=0x00000229834836b0
RIP=0x00007ffa963c14f6, EFLAGS=0x0000000000010246


Register to memory mapping:

RIP=0x00007ffa963c14f6 ntdll.dll
RAX=0x0000022983493856 points into unknown readable memory: 63 00
RBX=0x000000e766afd560 is pointing into the stack for thread: 0x0000022982c62920
RCX=0x0000022983493896 points into unknown readable memory: 00 00
RDX=0x0000000000000060 is an unknown value
RSP=0x000000e766afd330 is pointing into the stack for thread: 0x0000022982c62920
RBP=0x000000e766afd590 is pointing into the stack for thread: 0x0000022982c62920
RSI=0x0000022983483710 points into unknown readable memory: 0x0000000000000001 | 01 00 00 00 00 00 00 00
RDI=0x00000229834757d0 points into unknown readable memory: 0x0000022983451860 | 60 18 45 83 29 02 00 00
R8 =0x0000022983483710 points into unknown readable memory: 0x0000000000000001 | 01 00 00 00 00 00 00 00
R9 =0x0 is NULL
R10=0x0 is NULL
R11=0x000000e766afd220 is pointing into the stack for thread: 0x0000022982c62920
R12=0x0 is NULL
R13=0x0 is NULL
R14=0x0000000000000002 is an unknown value
R15=0x00000229834836b0 points into unknown readable memory: 0x00000229834757d0 | d0 57 47 83 29 02 00 00


Top of Stack: (sp=0x000000e766afd330)
0x000000e766afd330:   00000229834834b0 00007ffa79744620
0x000000e766afd340:   00000229834834b0 00007ffa7472198b
0x000000e766afd350:   0000000000000000 0000000000000000
0x000000e766afd360:   fffffffffffffffe 000002298347b540
0x000000e766afd370:   00000229834758e8 00007ffa797ddf20
0x000000e766afd380:   000002298347b4e8 0000022983475878
0x000000e766afd390:   00000229834758a0 000002298347b3c0
0x000000e766afd3a0:   00000229834758e8 00007ffa797ddf20
0x000000e766afd3b0:   00000229834758e8 0000022983475878
0x000000e766afd3c0:   00000229834758a0 00000229834757e0
0x000000e766afd3d0:   000000e766afd560 00007ffa74721b6a
0x000000e766afd3e0:   0000000000000000 0000022983479a30
0x000000e766afd3f0:   00007ffa7478b480 00007ffa7478b4b8
0x000000e766afd400:   0000000000000000 000002298347b540
0x000000e766afd410:   000000e766afd560 00007ffa9461d60c
0x000000e766afd420:   0000022980d70000 00007ffa00000000
0x000000e766afd430:   0000022983483720 00000229834836b0
0x000000e766afd440:   000000e766afd560 00007ffa74722dbf
0x000000e766afd450:   00000229834757e0 000000e766afd560
0x000000e766afd460:   00000229834757d0 00007ffa7478b4b8
0x000000e766afd470:   0000022983451860 000002298345c640
0x000000e766afd480:   0000022983485a30 00007ffa747587c7
0x000000e766afd490:   00000229834757d0 0000022983485dd8
0x000000e766afd4a0:   000002298345c6d8 000002298345c640
0x000000e766afd4b0:   000000e766afd549 0000000000000000
0x000000e766afd4c0:   0000000000000000 0000000000000000
0x000000e766afd4d0:   0000000000000010 0000000000000000
0x000000e766afd4e0:   fffffffffffffffe 00007ffa799b7010
0x000000e766afd4f0:   0000000000000000 000002298347c690
0x000000e766afd500:   000000e766afd690 0000000000000020
0x000000e766afd510:   0000000000000027 00007ffa79725274
0x000000e766afd520:   0000000000000030 000000e766afd690 

Instructions: (pc=0x00007ffa963c14f6)
0x00007ffa963c13f6:   0f 84 bf fb ff ff e9 ac fb ff ff 89 47 20 8b 47
0x00007ffa963c1406:   2c a8 02 0f 85 80 fb ff ff 0f b7 47 20 66 85 c0
0x00007ffa963c1416:   0f 85 b0 00 00 00 32 c0 84 c0 0f 84 69 fb ff ff
0x00007ffa963c1426:   66 66 0f 1f 84 00 00 00 00 00 8b 47 2c 85 c0 0f
0x00007ffa963c1436:   84 54 fb ff ff a8 02 0f 85 4c fb ff ff 8b c8 83
0x00007ffa963c1446:   c9 02 f0 0f b1 4f 2c 75 e1 4c 8b 0f 45 8b c5 41
0x00007ffa963c1456:   83 f8 10 0f 83 ef 03 00 00 41 0f b7 81 ae 00 00
0x00007ffa963c1466:   00 41 03 c0 83 e0 0f 49 8d 0c c1 48 8b 51 10 48
0x00007ffa963c1476:   85 d2 0f 84 80 03 00 00 8b 42 2c a8 01 0f 84 88
0x00007ffa963c1486:   03 00 00 41 ff c0 eb c7 4c 89 6c 24 28 4c 89 6c
0x00007ffa963c1496:   24 20 45 33 c9 4c 8b c6 49 8b d6 41 8d 49 08 e8
0x00007ffa963c14a6:   a6 19 fd ff 49 8b f5 e9 af f9 ff ff 48 8b d3 48
0x00007ffa963c14b6:   8b ce e8 43 08 f8 ff 84 c0 0f 85 22 fd ff ff b0
0x00007ffa963c14c6:   01 e9 1d fd ff ff 48 8b d7 49 8b c8 e8 29 08 f8
0x00007ffa963c14d6:   ff 84 c0 0f 85 3d ff ff ff b0 01 e9 38 ff ff ff
0x00007ffa963c14e6:   4c 89 6c 24 28 4c 89 6c 24 20 45 33 c9 4c 8b c6
0x00007ffa963c14f6:   49 8b 52 18 41 8d 49 03 e8 4d 19 fd ff e9 87 fa
0x00007ffa963c1506:   ff ff 80 7e 0f 00 0f 8d 0f 01 00 00 48 8b d6 49
0x00007ffa963c1516:   8b ce e8 13 b4 05 00 0f b6 d8 84 c0 0f 84 e9 01
0x00007ffa963c1526:   00 00 4d 8d 46 7c 80 7e 0f 00 0f 8d 40 01 00 00
0x00007ffa963c1536:   48 8b ce 48 c1 e9 04 41 33 ce 33 0d 4a 2d 15 00
0x00007ffa963c1546:   33 4e 08 66 85 c9 0f 84 12 01 00 00 49 8b cd 0f
0x00007ffa963c1556:   b7 49 24 80 7e 0f 04 0f 84 bb 01 00 00 0f b7 d1
0x00007ffa963c1566:   48 c1 e2 04 48 8d 04 32 48 3b c7 0f 83 9a 01 00
0x00007ffa963c1576:   00 32 db 4c 89 6c 24 28 4c 89 6c 24 20 4c 8b cf
0x00007ffa963c1586:   4c 8b c6 49 8b d6 b9 03 00 00 00 e8 ba 18 fd ff
0x00007ffa963c1596:   84 db 74 4b 41 f7 c7 02 01 00 3c 0f 85 cd f8 ff
0x00007ffa963c15a6:   ff 48 8d 4f f0 80 79 0f 05 0f 85 a5 01 00 00 0f
0x00007ffa963c15b6:   b6 41 0e 48 c1 e0 04 48 2b c8 48 83 c1 10 48 89
0x00007ffa963c15c6:   4c 24 20 41 b9 03 00 00 00 4c 8b c7 49 8b d6 8b
0x00007ffa963c15d6:   4f f8 e8 f3 e0 fc ff 85 c0 0f 89 8f f8 ff ff 65
0x00007ffa963c15e6:   48 8b 1c 25 30 00 00 00 c7 83 50 12 00 00 0d 00 


Stack slot to memory mapping:
stack at sp + 0 slots: 0x00000229834834b0 points into unknown readable memory: 0x00007ffa74768820 | 20 88 76 74 fa 7f 00 00
stack at sp + 1 slots: 0x00007ffa79744620 MozartBreathCore.dll
stack at sp + 2 slots: 0x00000229834834b0 points into unknown readable memory: 0x00007ffa74768820 | 20 88 76 74 fa 7f 00 00
stack at sp + 3 slots: 0x00007ffa7472198b MozartBreathFile.dll
stack at sp + 4 slots: 0x0 is NULL
stack at sp + 5 slots: 0x0 is NULL
stack at sp + 6 slots: 0xfffffffffffffffe is an unknown value
stack at sp + 7 slots: 0x000002298347b540 points into unknown readable memory: 0x00007ffa799b7010 | 10 70 9b 79 fa 7f 00 00


---------------  P R O C E S S  ---------------

Threads class SMR info:
_java_thread_list=0x00000229a73c8400, length=3, elements={
0x0000022982c62920, 0x00000229a73cde10, 0x00000229a73cf8f0
}

Java Threads: ( => current thread )
=>0x0000022982c62920 JavaThread "main" [_thread_in_native, id=28840, stack(0x000000e766a00000,0x000000e766b00000)]
  0x00000229a73cde10 JavaThread "Reference Handler" daemon [_thread_blocked, id=3232, stack(0x000000e767100000,0x000000e767200000)]
  0x00000229a73cf8f0 JavaThread "Finalizer" daemon [_thread_blocked, id=23608, stack(0x000000e767200000,0x000000e767300000)]

Other Threads:
  0x00000229a73c6790 VMThread "VM Thread" [stack: 0x000000e767000000,0x000000e767100000] [id=23064]
  0x0000022982ccc760 GCTaskThread "GC Thread#0" [stack: 0x000000e766b00000,0x000000e766c00000] [id=6624]
  0x0000022982cdcfe0 ConcurrentGCThread "G1 Main Marker" [stack: 0x000000e766c00000,0x000000e766d00000] [id=32844]
  0x0000022982ce1740 ConcurrentGCThread "G1 Conc#0" [stack: 0x000000e766d00000,0x000000e766e00000] [id=31136]
  0x0000022982de2980 ConcurrentGCThread "G1 Refine#0" [stack: 0x000000e766e00000,0x000000e766f00000] [id=24536]
  0x0000022982de4170 ConcurrentGCThread "G1 Service" [stack: 0x000000e766f00000,0x000000e767000000] [id=24792]

Threads with active compile tasks:

VM state: not at safepoint (normal execution)

VM Mutex/Monitor currently owned by a thread: None

Heap address: 0x0000000704800000, size: 4024 MB, Compressed Oops mode: Zero based, Oop shift amount: 3

CDS archive(s) mapped at: [0x00000229a8000000-0x00000229a8bb0000-0x00000229a8bb0000), size 12255232, SharedBaseAddress: 0x00000229a8000000, ArchiveRelocationMode: 1.
Compressed class space mapped at: 0x00000229a9000000-0x00000229e9000000, reserved size: 1073741824
Narrow klass base: 0x00000229a8000000, Narrow klass shift: 0, Narrow klass range: 0x100000000

GC Precious Log:
 CPUs: 20 total, 20 available
 Memory: 16088M
 Large Page Support: Disabled
 NUMA Support: Disabled
 Compressed Oops: Enabled (Zero based)
 Heap Region Size: 2M
 Heap Min Capacity: 8M
 Heap Initial Capacity: 252M
 Heap Max Capacity: 4024M
 Pre-touch: Disabled
 Parallel Workers: 15
 Concurrent Workers: 4
 Concurrent Refinement Workers: 15
 Periodic GC: Disabled

Heap:
 garbage-first heap   total 258048K, used 0K [0x0000000704800000, 0x0000000800000000)
  region size 2048K, 1 young (2048K), 0 survivors (0K)
 Metaspace       used 12K, committed 128K, reserved 1114112K
  class space    used 0K, committed 64K, reserved 1048576K

Heap Regions: E=young(eden), S=young(survivor), O=old, HS=humongous(starts), HC=humongous(continues), CS=collection set, F=free, OA=open archive, CA=closed archive, TAMS=top-at-mark-start (previous, next)
|   0|0x0000000704800000, 0x0000000704800000, 0x0000000704a00000|  0%| F|  |TAMS 0x0000000704800000, 0x0000000704800000| Untracked 
|   1|0x0000000704a00000, 0x0000000704a00000, 0x0000000704c00000|  0%| F|  |TAMS 0x0000000704a00000, 0x0000000704a00000| Untracked 
|   2|0x0000000704c00000, 0x0000000704c00000, 0x0000000704e00000|  0%| F|  |TAMS 0x0000000704c00000, 0x0000000704c00000| Untracked 
|   3|0x0000000704e00000, 0x0000000704e00000, 0x0000000705000000|  0%| F|  |TAMS 0x0000000704e00000, 0x0000000704e00000| Untracked 
|   4|0x0000000705000000, 0x0000000705000000, 0x0000000705200000|  0%| F|  |TAMS 0x0000000705000000, 0x0000000705000000| Untracked 
|   5|0x0000000705200000, 0x0000000705200000, 0x0000000705400000|  0%| F|  |TAMS 0x0000000705200000, 0x0000000705200000| Untracked 
|   6|0x0000000705400000, 0x0000000705400000, 0x0000000705600000|  0%| F|  |TAMS 0x0000000705400000, 0x0000000705400000| Untracked 
|   7|0x0000000705600000, 0x0000000705600000, 0x0000000705800000|  0%| F|  |TAMS 0x0000000705600000, 0x0000000705600000| Untracked 
|   8|0x0000000705800000, 0x0000000705800000, 0x0000000705a00000|  0%| F|  |TAMS 0x0000000705800000, 0x0000000705800000| Untracked 
|   9|0x0000000705a00000, 0x0000000705a00000, 0x0000000705c00000|  0%| F|  |TAMS 0x0000000705a00000, 0x0000000705a00000| Untracked 
|  10|0x0000000705c00000, 0x0000000705c00000, 0x0000000705e00000|  0%| F|  |TAMS 0x0000000705c00000, 0x0000000705c00000| Untracked 
|  11|0x0000000705e00000, 0x0000000705e00000, 0x0000000706000000|  0%| F|  |TAMS 0x0000000705e00000, 0x0000000705e00000| Untracked 
|  12|0x0000000706000000, 0x0000000706000000, 0x0000000706200000|  0%| F|  |TAMS 0x0000000706000000, 0x0000000706000000| Untracked 
|  13|0x0000000706200000, 0x0000000706200000, 0x0000000706400000|  0%| F|  |TAMS 0x0000000706200000, 0x0000000706200000| Untracked 
|  14|0x0000000706400000, 0x0000000706400000, 0x0000000706600000|  0%| F|  |TAMS 0x0000000706400000, 0x0000000706400000| Untracked 
|  15|0x0000000706600000, 0x0000000706600000, 0x0000000706800000|  0%| F|  |TAMS 0x0000000706600000, 0x0000000706600000| Untracked 
|  16|0x0000000706800000, 0x0000000706800000, 0x0000000706a00000|  0%| F|  |TAMS 0x0000000706800000, 0x0000000706800000| Untracked 
|  17|0x0000000706a00000, 0x0000000706a00000, 0x0000000706c00000|  0%| F|  |TAMS 0x0000000706a00000, 0x0000000706a00000| Untracked 
|  18|0x0000000706c00000, 0x0000000706c00000, 0x0000000706e00000|  0%| F|  |TAMS 0x0000000706c00000, 0x0000000706c00000| Untracked 
|  19|0x0000000706e00000, 0x0000000706e00000, 0x0000000707000000|  0%| F|  |TAMS 0x0000000706e00000, 0x0000000706e00000| Untracked 
|  20|0x0000000707000000, 0x0000000707000000, 0x0000000707200000|  0%| F|  |TAMS 0x0000000707000000, 0x0000000707000000| Untracked 
|  21|0x0000000707200000, 0x0000000707200000, 0x0000000707400000|  0%| F|  |TAMS 0x0000000707200000, 0x0000000707200000| Untracked 
|  22|0x0000000707400000, 0x0000000707400000, 0x0000000707600000|  0%| F|  |TAMS 0x0000000707400000, 0x0000000707400000| Untracked 
|  23|0x0000000707600000, 0x0000000707600000, 0x0000000707800000|  0%| F|  |TAMS 0x0000000707600000, 0x0000000707600000| Untracked 
|  24|0x0000000707800000, 0x0000000707800000, 0x0000000707a00000|  0%| F|  |TAMS 0x0000000707800000, 0x0000000707800000| Untracked 
|  25|0x0000000707a00000, 0x0000000707a00000, 0x0000000707c00000|  0%| F|  |TAMS 0x0000000707a00000, 0x0000000707a00000| Untracked 
|  26|0x0000000707c00000, 0x0000000707c00000, 0x0000000707e00000|  0%| F|  |TAMS 0x0000000707c00000, 0x0000000707c00000| Untracked 
|  27|0x0000000707e00000, 0x0000000707e00000, 0x0000000708000000|  0%| F|  |TAMS 0x0000000707e00000, 0x0000000707e00000| Untracked 
|  28|0x0000000708000000, 0x0000000708000000, 0x0000000708200000|  0%| F|  |TAMS 0x0000000708000000, 0x0000000708000000| Untracked 
|  29|0x0000000708200000, 0x0000000708200000, 0x0000000708400000|  0%| F|  |TAMS 0x0000000708200000, 0x0000000708200000| Untracked 
|  30|0x0000000708400000, 0x0000000708400000, 0x0000000708600000|  0%| F|  |TAMS 0x0000000708400000, 0x0000000708400000| Untracked 
|  31|0x0000000708600000, 0x0000000708600000, 0x0000000708800000|  0%| F|  |TAMS 0x0000000708600000, 0x0000000708600000| Untracked 
|  32|0x0000000708800000, 0x0000000708800000, 0x0000000708a00000|  0%| F|  |TAMS 0x0000000708800000, 0x0000000708800000| Untracked 
|  33|0x0000000708a00000, 0x0000000708a00000, 0x0000000708c00000|  0%| F|  |TAMS 0x0000000708a00000, 0x0000000708a00000| Untracked 
|  34|0x0000000708c00000, 0x0000000708c00000, 0x0000000708e00000|  0%| F|  |TAMS 0x0000000708c00000, 0x0000000708c00000| Untracked 
|  35|0x0000000708e00000, 0x0000000708e00000, 0x0000000709000000|  0%| F|  |TAMS 0x0000000708e00000, 0x0000000708e00000| Untracked 
|  36|0x0000000709000000, 0x0000000709000000, 0x0000000709200000|  0%| F|  |TAMS 0x0000000709000000, 0x0000000709000000| Untracked 
|  37|0x0000000709200000, 0x0000000709200000, 0x0000000709400000|  0%| F|  |TAMS 0x0000000709200000, 0x0000000709200000| Untracked 
|  38|0x0000000709400000, 0x0000000709400000, 0x0000000709600000|  0%| F|  |TAMS 0x0000000709400000, 0x0000000709400000| Untracked 
|  39|0x0000000709600000, 0x0000000709600000, 0x0000000709800000|  0%| F|  |TAMS 0x0000000709600000, 0x0000000709600000| Untracked 
|  40|0x0000000709800000, 0x0000000709800000, 0x0000000709a00000|  0%| F|  |TAMS 0x0000000709800000, 0x0000000709800000| Untracked 
|  41|0x0000000709a00000, 0x0000000709a00000, 0x0000000709c00000|  0%| F|  |TAMS 0x0000000709a00000, 0x0000000709a00000| Untracked 
|  42|0x0000000709c00000, 0x0000000709c00000, 0x0000000709e00000|  0%| F|  |TAMS 0x0000000709c00000, 0x0000000709c00000| Untracked 
|  43|0x0000000709e00000, 0x0000000709e00000, 0x000000070a000000|  0%| F|  |TAMS 0x0000000709e00000, 0x0000000709e00000| Untracked 
|  44|0x000000070a000000, 0x000000070a000000, 0x000000070a200000|  0%| F|  |TAMS 0x000000070a000000, 0x000000070a000000| Untracked 
|  45|0x000000070a200000, 0x000000070a200000, 0x000000070a400000|  0%| F|  |TAMS 0x000000070a200000, 0x000000070a200000| Untracked 
|  46|0x000000070a400000, 0x000000070a400000, 0x000000070a600000|  0%| F|  |TAMS 0x000000070a400000, 0x000000070a400000| Untracked 
|  47|0x000000070a600000, 0x000000070a600000, 0x000000070a800000|  0%| F|  |TAMS 0x000000070a600000, 0x000000070a600000| Untracked 
|  48|0x000000070a800000, 0x000000070a800000, 0x000000070aa00000|  0%| F|  |TAMS 0x000000070a800000, 0x000000070a800000| Untracked 
|  49|0x000000070aa00000, 0x000000070aa00000, 0x000000070ac00000|  0%| F|  |TAMS 0x000000070aa00000, 0x000000070aa00000| Untracked 
|  50|0x000000070ac00000, 0x000000070ac00000, 0x000000070ae00000|  0%| F|  |TAMS 0x000000070ac00000, 0x000000070ac00000| Untracked 
|  51|0x000000070ae00000, 0x000000070ae00000, 0x000000070b000000|  0%| F|  |TAMS 0x000000070ae00000, 0x000000070ae00000| Untracked 
|  52|0x000000070b000000, 0x000000070b000000, 0x000000070b200000|  0%| F|  |TAMS 0x000000070b000000, 0x000000070b000000| Untracked 
|  53|0x000000070b200000, 0x000000070b200000, 0x000000070b400000|  0%| F|  |TAMS 0x000000070b200000, 0x000000070b200000| Untracked 
|  54|0x000000070b400000, 0x000000070b400000, 0x000000070b600000|  0%| F|  |TAMS 0x000000070b400000, 0x000000070b400000| Untracked 
|  55|0x000000070b600000, 0x000000070b600000, 0x000000070b800000|  0%| F|  |TAMS 0x000000070b600000, 0x000000070b600000| Untracked 
|  56|0x000000070b800000, 0x000000070b800000, 0x000000070ba00000|  0%| F|  |TAMS 0x000000070b800000, 0x000000070b800000| Untracked 
|  57|0x000000070ba00000, 0x000000070ba00000, 0x000000070bc00000|  0%| F|  |TAMS 0x000000070ba00000, 0x000000070ba00000| Untracked 
|  58|0x000000070bc00000, 0x000000070bc00000, 0x000000070be00000|  0%| F|  |TAMS 0x000000070bc00000, 0x000000070bc00000| Untracked 
|  59|0x000000070be00000, 0x000000070be00000, 0x000000070c000000|  0%| F|  |TAMS 0x000000070be00000, 0x000000070be00000| Untracked 
|  60|0x000000070c000000, 0x000000070c000000, 0x000000070c200000|  0%| F|  |TAMS 0x000000070c000000, 0x000000070c000000| Untracked 
|  61|0x000000070c200000, 0x000000070c200000, 0x000000070c400000|  0%| F|  |TAMS 0x000000070c200000, 0x000000070c200000| Untracked 
|  62|0x000000070c400000, 0x000000070c400000, 0x000000070c600000|  0%| F|  |TAMS 0x000000070c400000, 0x000000070c400000| Untracked 
|  63|0x000000070c600000, 0x000000070c600000, 0x000000070c800000|  0%| F|  |TAMS 0x000000070c600000, 0x000000070c600000| Untracked 
|  64|0x000000070c800000, 0x000000070c800000, 0x000000070ca00000|  0%| F|  |TAMS 0x000000070c800000, 0x000000070c800000| Untracked 
|  65|0x000000070ca00000, 0x000000070ca00000, 0x000000070cc00000|  0%| F|  |TAMS 0x000000070ca00000, 0x000000070ca00000| Untracked 
|  66|0x000000070cc00000, 0x000000070cc00000, 0x000000070ce00000|  0%| F|  |TAMS 0x000000070cc00000, 0x000000070cc00000| Untracked 
|  67|0x000000070ce00000, 0x000000070ce00000, 0x000000070d000000|  0%| F|  |TAMS 0x000000070ce00000, 0x000000070ce00000| Untracked 
|  68|0x000000070d000000, 0x000000070d000000, 0x000000070d200000|  0%| F|  |TAMS 0x000000070d000000, 0x000000070d000000| Untracked 
|  69|0x000000070d200000, 0x000000070d200000, 0x000000070d400000|  0%| F|  |TAMS 0x000000070d200000, 0x000000070d200000| Untracked 
|  70|0x000000070d400000, 0x000000070d400000, 0x000000070d600000|  0%| F|  |TAMS 0x000000070d400000, 0x000000070d400000| Untracked 
|  71|0x000000070d600000, 0x000000070d600000, 0x000000070d800000|  0%| F|  |TAMS 0x000000070d600000, 0x000000070d600000| Untracked 
|  72|0x000000070d800000, 0x000000070d800000, 0x000000070da00000|  0%| F|  |TAMS 0x000000070d800000, 0x000000070d800000| Untracked 
|  73|0x000000070da00000, 0x000000070da00000, 0x000000070dc00000|  0%| F|  |TAMS 0x000000070da00000, 0x000000070da00000| Untracked 
|  74|0x000000070dc00000, 0x000000070dc00000, 0x000000070de00000|  0%| F|  |TAMS 0x000000070dc00000, 0x000000070dc00000| Untracked 
|  75|0x000000070de00000, 0x000000070de00000, 0x000000070e000000|  0%| F|  |TAMS 0x000000070de00000, 0x000000070de00000| Untracked 
|  76|0x000000070e000000, 0x000000070e000000, 0x000000070e200000|  0%| F|  |TAMS 0x000000070e000000, 0x000000070e000000| Untracked 
|  77|0x000000070e200000, 0x000000070e200000, 0x000000070e400000|  0%| F|  |TAMS 0x000000070e200000, 0x000000070e200000| Untracked 
|  78|0x000000070e400000, 0x000000070e400000, 0x000000070e600000|  0%| F|  |TAMS 0x000000070e400000, 0x000000070e400000| Untracked 
|  79|0x000000070e600000, 0x000000070e600000, 0x000000070e800000|  0%| F|  |TAMS 0x000000070e600000, 0x000000070e600000| Untracked 
|  80|0x000000070e800000, 0x000000070e800000, 0x000000070ea00000|  0%| F|  |TAMS 0x000000070e800000, 0x000000070e800000| Untracked 
|  81|0x000000070ea00000, 0x000000070ea00000, 0x000000070ec00000|  0%| F|  |TAMS 0x000000070ea00000, 0x000000070ea00000| Untracked 
|  82|0x000000070ec00000, 0x000000070ec00000, 0x000000070ee00000|  0%| F|  |TAMS 0x000000070ec00000, 0x000000070ec00000| Untracked 
|  83|0x000000070ee00000, 0x000000070ee00000, 0x000000070f000000|  0%| F|  |TAMS 0x000000070ee00000, 0x000000070ee00000| Untracked 
|  84|0x000000070f000000, 0x000000070f000000, 0x000000070f200000|  0%| F|  |TAMS 0x000000070f000000, 0x000000070f000000| Untracked 
|  85|0x000000070f200000, 0x000000070f200000, 0x000000070f400000|  0%| F|  |TAMS 0x000000070f200000, 0x000000070f200000| Untracked 
|  86|0x000000070f400000, 0x000000070f400000, 0x000000070f600000|  0%| F|  |TAMS 0x000000070f400000, 0x000000070f400000| Untracked 
|  87|0x000000070f600000, 0x000000070f600000, 0x000000070f800000|  0%| F|  |TAMS 0x000000070f600000, 0x000000070f600000| Untracked 
|  88|0x000000070f800000, 0x000000070f800000, 0x000000070fa00000|  0%| F|  |TAMS 0x000000070f800000, 0x000000070f800000| Untracked 
|  89|0x000000070fa00000, 0x000000070fa00000, 0x000000070fc00000|  0%| F|  |TAMS 0x000000070fa00000, 0x000000070fa00000| Untracked 
|  90|0x000000070fc00000, 0x000000070fc00000, 0x000000070fe00000|  0%| F|  |TAMS 0x000000070fc00000, 0x000000070fc00000| Untracked 
|  91|0x000000070fe00000, 0x000000070fe00000, 0x0000000710000000|  0%| F|  |TAMS 0x000000070fe00000, 0x000000070fe00000| Untracked 
|  92|0x0000000710000000, 0x0000000710000000, 0x0000000710200000|  0%| F|  |TAMS 0x0000000710000000, 0x0000000710000000| Untracked 
|  93|0x0000000710200000, 0x0000000710200000, 0x0000000710400000|  0%| F|  |TAMS 0x0000000710200000, 0x0000000710200000| Untracked 
|  94|0x0000000710400000, 0x0000000710400000, 0x0000000710600000|  0%| F|  |TAMS 0x0000000710400000, 0x0000000710400000| Untracked 
|  95|0x0000000710600000, 0x0000000710600000, 0x0000000710800000|  0%| F|  |TAMS 0x0000000710600000, 0x0000000710600000| Untracked 
|  96|0x0000000710800000, 0x0000000710800000, 0x0000000710a00000|  0%| F|  |TAMS 0x0000000710800000, 0x0000000710800000| Untracked 
|  97|0x0000000710a00000, 0x0000000710a00000, 0x0000000710c00000|  0%| F|  |TAMS 0x0000000710a00000, 0x0000000710a00000| Untracked 
|  98|0x0000000710c00000, 0x0000000710c00000, 0x0000000710e00000|  0%| F|  |TAMS 0x0000000710c00000, 0x0000000710c00000| Untracked 
|  99|0x0000000710e00000, 0x0000000710e00000, 0x0000000711000000|  0%| F|  |TAMS 0x0000000710e00000, 0x0000000710e00000| Untracked 
| 100|0x0000000711000000, 0x0000000711000000, 0x0000000711200000|  0%| F|  |TAMS 0x0000000711000000, 0x0000000711000000| Untracked 
| 101|0x0000000711200000, 0x0000000711200000, 0x0000000711400000|  0%| F|  |TAMS 0x0000000711200000, 0x0000000711200000| Untracked 
| 102|0x0000000711400000, 0x0000000711400000, 0x0000000711600000|  0%| F|  |TAMS 0x0000000711400000, 0x0000000711400000| Untracked 
| 103|0x0000000711600000, 0x0000000711600000, 0x0000000711800000|  0%| F|  |TAMS 0x0000000711600000, 0x0000000711600000| Untracked 
| 104|0x0000000711800000, 0x0000000711800000, 0x0000000711a00000|  0%| F|  |TAMS 0x0000000711800000, 0x0000000711800000| Untracked 
| 105|0x0000000711a00000, 0x0000000711a00000, 0x0000000711c00000|  0%| F|  |TAMS 0x0000000711a00000, 0x0000000711a00000| Untracked 
| 106|0x0000000711c00000, 0x0000000711c00000, 0x0000000711e00000|  0%| F|  |TAMS 0x0000000711c00000, 0x0000000711c00000| Untracked 
| 107|0x0000000711e00000, 0x0000000711e00000, 0x0000000712000000|  0%| F|  |TAMS 0x0000000711e00000, 0x0000000711e00000| Untracked 
| 108|0x0000000712000000, 0x0000000712000000, 0x0000000712200000|  0%| F|  |TAMS 0x0000000712000000, 0x0000000712000000| Untracked 
| 109|0x0000000712200000, 0x0000000712200000, 0x0000000712400000|  0%| F|  |TAMS 0x0000000712200000, 0x0000000712200000| Untracked 
| 110|0x0000000712400000, 0x0000000712400000, 0x0000000712600000|  0%| F|  |TAMS 0x0000000712400000, 0x0000000712400000| Untracked 
| 111|0x0000000712600000, 0x0000000712600000, 0x0000000712800000|  0%| F|  |TAMS 0x0000000712600000, 0x0000000712600000| Untracked 
| 112|0x0000000712800000, 0x0000000712800000, 0x0000000712a00000|  0%| F|  |TAMS 0x0000000712800000, 0x0000000712800000| Untracked 
| 113|0x0000000712a00000, 0x0000000712a00000, 0x0000000712c00000|  0%| F|  |TAMS 0x0000000712a00000, 0x0000000712a00000| Untracked 
| 114|0x0000000712c00000, 0x0000000712c00000, 0x0000000712e00000|  0%| F|  |TAMS 0x0000000712c00000, 0x0000000712c00000| Untracked 
| 115|0x0000000712e00000, 0x0000000712e00000, 0x0000000713000000|  0%| F|  |TAMS 0x0000000712e00000, 0x0000000712e00000| Untracked 
| 116|0x0000000713000000, 0x0000000713000000, 0x0000000713200000|  0%| F|  |TAMS 0x0000000713000000, 0x0000000713000000| Untracked 
| 117|0x0000000713200000, 0x0000000713200000, 0x0000000713400000|  0%| F|  |TAMS 0x0000000713200000, 0x0000000713200000| Untracked 
| 118|0x0000000713400000, 0x0000000713400000, 0x0000000713600000|  0%| F|  |TAMS 0x0000000713400000, 0x0000000713400000| Untracked 
| 119|0x0000000713600000, 0x0000000713600000, 0x0000000713800000|  0%| F|  |TAMS 0x0000000713600000, 0x0000000713600000| Untracked 
| 120|0x0000000713800000, 0x0000000713800000, 0x0000000713a00000|  0%| F|  |TAMS 0x0000000713800000, 0x0000000713800000| Untracked 
| 121|0x0000000713a00000, 0x0000000713a00000, 0x0000000713c00000|  0%| F|  |TAMS 0x0000000713a00000, 0x0000000713a00000| Untracked 
| 122|0x0000000713c00000, 0x0000000713c00000, 0x0000000713e00000|  0%| F|  |TAMS 0x0000000713c00000, 0x0000000713c00000| Untracked 
| 123|0x0000000713e00000, 0x0000000713e00000, 0x0000000714000000|  0%| F|  |TAMS 0x0000000713e00000, 0x0000000713e00000| Untracked 
| 124|0x0000000714000000, 0x0000000714000000, 0x0000000714200000|  0%| F|  |TAMS 0x0000000714000000, 0x0000000714000000| Untracked 
| 125|0x0000000714200000, 0x00000007142e1558, 0x0000000714400000| 44%| E|  |TAMS 0x0000000714200000, 0x0000000714200000| Complete 

Card table byte_map: [0x000002299b470000,0x000002299bc50000] _byte_map_base: 0x0000022997c4c000

Marking Bits (Prev, Next): (CMBitMap*) 0x0000022982cccb30, (CMBitMap*) 0x0000022982cccb70
 Prev Bits: [0x000002299c430000, 0x00000229a0310000)
 Next Bits: [0x00000229a0310000, 0x00000229a41f0000)

Polling page: 0x0000022980d50000

Metaspace:

Usage:
  Non-class:     11.77 KB used.
      Class:    992 bytes used.
       Both:     12.73 KB used.

Virtual space:
  Non-class space:       64.00 MB reserved,      64.00 KB ( <1%) committed,  1 nodes.
      Class space:        1.00 GB reserved,      64.00 KB ( <1%) committed,  1 nodes.
             Both:        1.06 GB reserved,     128.00 KB ( <1%) committed. 

Chunk freelists:
   Non-Class:  12.00 MB
       Class:  15.75 MB
        Both:  27.75 MB

MaxMetaspaceSize: unlimited
CompressedClassSpaceSize: 1.00 GB
Initial GC threshold: 21.00 MB
Current GC threshold: 17179869184.00 GB
CDS: on
MetaspaceReclaimPolicy: balanced
 - commit_granule_bytes: 65536.
 - commit_granule_words: 8192.
 - virtual_space_node_default_size: 8388608.
 - enlarge_chunks_in_place: 1.
 - new_chunks_are_fully_committed: 0.
 - uncommit_free_chunks: 1.
 - use_allocation_guard: 0.
 - handle_deallocations: 1.


Internal statistics:

num_allocs_failed_limit: 0.
num_arena_births: 2.
num_arena_deaths: 0.
num_vsnodes_births: 2.
num_vsnodes_deaths: 0.
num_space_committed: 2.
num_space_uncommitted: 0.
num_chunks_returned_to_freelist: 0.
num_chunks_taken_from_freelist: 3.
num_chunk_merges: 0.
num_chunk_splits: 2.
num_chunks_enlarged: 0.
num_inconsistent_stats: 0.

CodeHeap 'non-profiled nmethods': size=119168Kb used=0Kb max_used=0Kb free=119168Kb
 bounds [0x0000022992b60000, 0x0000022992dd0000, 0x0000022999fc0000]
CodeHeap 'profiled nmethods': size=119104Kb used=0Kb max_used=0Kb free=119104Kb
 bounds [0x000002298afc0000, 0x000002298b230000, 0x0000022992410000]
CodeHeap 'non-nmethods': size=7488Kb used=364Kb max_used=364Kb free=7123Kb
 bounds [0x0000022992410000, 0x0000022992680000, 0x0000022992b60000]
 total_blobs=151 nmethods=0 adapters=124
 compilation: enabled
              stopped_count=0, restarted_count=0
 full_count=0

Compilation events (0 events):
No events

GC Heap History (0 events):
No events

Dll operation events (2 events):
Event: 0.011 Loaded shared library D:\apps\JDK\jdk17.0.12_7\bin\java.dll
Event: 0.021 Loaded shared library D:\apps\JDK\jdk17.0.12_7\bin\jsvml.dll

Deoptimization events (0 events):
No events

Classes loaded (0 events):
No events

Classes unloaded (0 events):
No events

Classes redefined (0 events):
No events

Internal exceptions (0 events):
No events

VM Operations (0 events):
No events

Events (3 events):
Event: 0.021 Thread 0x0000022982c62920 Thread added: 0x0000022982c62920
Event: 0.022 Thread 0x00000229a73cde10 Thread added: 0x00000229a73cde10
Event: 0.022 Thread 0x00000229a73cf8f0 Thread added: 0x00000229a73cf8f0


Dynamic libraries:
0x00007ff674d40000 - 0x00007ff674d4e000 	D:\apps\JDK\jdk17.0.12_7\bin\java.exe
0x00007ffa96340000 - 0x00007ffa965a9000 	C:\WINDOWS\SYSTEM32\ntdll.dll
0x00007ffa94e00000 - 0x00007ffa94ec9000 	C:\WINDOWS\System32\KERNEL32.DLL
0x00007ffa93570000 - 0x00007ffa93963000 	C:\WINDOWS\System32\KERNELBASE.dll
0x00007ffa93fc0000 - 0x00007ffa9410b000 	C:\WINDOWS\System32\ucrtbase.dll
0x00007ffa7a030000 - 0x00007ffa7a04b000 	D:\apps\JDK\jdk17.0.12_7\bin\VCRUNTIME140.dll
0x00007ffa7ea30000 - 0x00007ffa7ea47000 	D:\apps\JDK\jdk17.0.12_7\bin\jli.dll
0x00007ffa94fe0000 - 0x00007ffa951a4000 	C:\WINDOWS\System32\USER32.dll
0x00007ffa93b60000 - 0x00007ffa93b87000 	C:\WINDOWS\System32\win32u.dll
0x00007ffa942b0000 - 0x00007ffa942db000 	C:\WINDOWS\System32\GDI32.dll
0x00007ffa77720000 - 0x00007ffa779b3000 	C:\WINDOWS\WinSxS\amd64_microsoft.windows.common-controls_6595b64144ccf1df_6.0.26100.5074_none_3e0d6f78e32fd63f\COMCTL32.dll
0x00007ffa93970000 - 0x00007ffa93a9d000 	C:\WINDOWS\System32\gdi32full.dll
0x00007ffa94600000 - 0x00007ffa946a9000 	C:\WINDOWS\System32\msvcrt.dll
0x00007ffa93b90000 - 0x00007ffa93c33000 	C:\WINDOWS\System32\msvcp_win.dll
0x00007ffa95f00000 - 0x00007ffa95f2f000 	C:\WINDOWS\System32\IMM32.DLL
0x00007ffa931b0000 - 0x00007ffa93233000 	C:\Windows\LVUAAgentInstBaseRoot\system32\Vozokopot.dll
0x00007ffa8f920000 - 0x00007ffa8f92c000 	D:\apps\JDK\jdk17.0.12_7\bin\vcruntime140_1.dll
0x00007ffa08230000 - 0x00007ffa082bd000 	D:\apps\JDK\jdk17.0.12_7\bin\msvcp140.dll
0x00007ff9f80e0000 - 0x00007ff9f8d4a000 	D:\apps\JDK\jdk17.0.12_7\bin\server\jvm.dll
0x00007ffa95f40000 - 0x00007ffa95ff4000 	C:\WINDOWS\System32\ADVAPI32.dll
0x00007ffa96250000 - 0x00007ffa962f6000 	C:\WINDOWS\System32\sechost.dll
0x00007ffa94480000 - 0x00007ffa94598000 	C:\WINDOWS\System32\RPCRT4.dll
0x00007ffa94ed0000 - 0x00007ffa94f44000 	C:\WINDOWS\System32\WS2_32.dll
0x00007ffa82ea0000 - 0x00007ffa82eab000 	C:\WINDOWS\SYSTEM32\VERSION.dll
0x00007ffa93330000 - 0x00007ffa9338e000 	C:\WINDOWS\SYSTEM32\POWRPROF.dll
0x00007ffa8b150000 - 0x00007ffa8b185000 	C:\WINDOWS\SYSTEM32\WINMM.dll
0x00007ffa93310000 - 0x00007ffa93324000 	C:\WINDOWS\SYSTEM32\UMPDC.dll
0x00007ffa921e0000 - 0x00007ffa921fb000 	C:\WINDOWS\SYSTEM32\kernel.appcore.dll
0x00007ffa7a980000 - 0x00007ffa7a98a000 	D:\apps\JDK\jdk17.0.12_7\bin\jimage.dll
0x00007ffa909b0000 - 0x00007ffa90bf2000 	C:\WINDOWS\SYSTEM32\DBGHELP.DLL
0x00007ffa94740000 - 0x00007ffa94abb000 	C:\WINDOWS\System32\combase.dll
0x00007ffa94cd0000 - 0x00007ffa94da7000 	C:\WINDOWS\System32\OLEAUT32.dll
0x00007ffa79720000 - 0x00007ffa79afb000 	C:\Windows\LVUAAgentInstBaseRoot\system32\MozartBreathCore.dll
0x00007ffa96000000 - 0x00007ffa960f1000 	C:\WINDOWS\System32\COMDLG32.dll
0x00007ffa95970000 - 0x00007ffa95a60000 	C:\WINDOWS\System32\shcore.dll
0x00007ffa95900000 - 0x00007ffa95962000 	C:\WINDOWS\System32\SHLWAPI.dll
0x00007ffa951b0000 - 0x00007ffa958fd000 	C:\WINDOWS\System32\SHELL32.dll
0x00007ffa7f0a0000 - 0x00007ffa7f3e9000 	C:\WINDOWS\SYSTEM32\msi.dll
0x00007ffa8fd90000 - 0x00007ffa8fdba000 	C:\WINDOWS\SYSTEM32\WTSAPI32.dll
0x00007ffa91930000 - 0x00007ffa91964000 	C:\WINDOWS\SYSTEM32\IPHLPAPI.DLL
0x00007ffa93e50000 - 0x00007ffa93fbc000 	C:\WINDOWS\System32\wintypes.dll
0x00007ffa93cd0000 - 0x00007ffa93e47000 	C:\WINDOWS\System32\CRYPT32.dll
0x00007ffa942e0000 - 0x00007ffa94478000 	C:\WINDOWS\System32\ole32.dll
0x00007ffa82af0000 - 0x00007ffa82b11000 	C:\WINDOWS\SYSTEM32\MPR.dll
0x00007ffa919b0000 - 0x00007ffa91ad6000 	C:\WINDOWS\SYSTEM32\DNSAPI.dll
0x00007ffa779e0000 - 0x00007ffa77a92000 	C:\WINDOWS\SYSTEM32\WINSPOOL.DRV
0x00007ffa92480000 - 0x00007ffa924c9000 	C:\WINDOWS\SYSTEM32\SspiCli.dll
0x00007ffa93040000 - 0x00007ffa93097000 	C:\WINDOWS\SYSTEM32\cfgmgr32.dll
0x00007ffa933c0000 - 0x00007ffa933e6000 	C:\WINDOWS\SYSTEM32\bcrypt.dll
0x00007ffa96240000 - 0x00007ffa9624a000 	C:\WINDOWS\System32\NSI.dll
0x00007ffa764d0000 - 0x00007ffa764da000 	C:\WINDOWS\SYSTEM32\wsock32.dll
0x00007ffa7ee50000 - 0x00007ffa7ee8d000 	C:\WINDOWS\SYSTEM32\dbgcore.DLL
0x00007ffa76380000 - 0x00007ffa763b1000 	C:\Windows\LVUAAgentInstBaseRoot\system32\MozartBreathOM.dll
0x00007ffa762d0000 - 0x00007ffa762d8000 	C:\WINDOWS\SYSTEM32\MSIMG32.dll
0x00007ffa934d0000 - 0x00007ffa93569000 	C:\WINDOWS\System32\bcryptPrimitives.dll
0x00007ffa76180000 - 0x00007ffa761d7000 	C:\Windows\LVUAAgentInstBaseRoot\system32\MozartBreathWeb.dll
0x00007ffa74a50000 - 0x00007ffa74a81000 	C:\Windows\LVUAAgentInstBaseRoot\system32\MozartBreathFw.dll
0x00007ffa747a0000 - 0x00007ffa747f6000 	C:\Windows\LVUAAgentInstBaseRoot\system32\MozartBreathFTP.dll
0x00007ffa74710000 - 0x00007ffa74799000 	C:\Windows\LVUAAgentInstBaseRoot\system32\MozartBreathFile.dll
0x00007ffa74530000 - 0x00007ffa74660000 	C:\Windows\LVUAAgentInstBaseRoot\system32\MozartBreathProcess.dll
0x00007ffa743e0000 - 0x00007ffa74444000 	C:\Windows\LVUAAgentInstBaseRoot\system32\MozartBreathBolo2.dll
0x00007ffa743d0000 - 0x00007ffa743e0000 	C:\Windows\LVUAAgentInstBaseRoot\system32\MozartBreathBurn.dll
0x00007ffa76650000 - 0x00007ffa76675000 	D:\apps\JDK\jdk17.0.12_7\bin\java.dll
0x00007ffa74130000 - 0x00007ffa7415c000 	C:\Windows\LVUAAgentInstBaseRoot\system32\MozartBreathProtect.dll
0x00007ffa73f70000 - 0x00007ffa73fb9000 	C:\Windows\LVUAAgentInstBaseRoot\system32\MozartBreathSoft.dll
0x00007ffa02740000 - 0x00007ffa02817000 	D:\apps\JDK\jdk17.0.12_7\bin\jsvml.dll
0x00007ffa90f80000 - 0x00007ffa917d9000 	C:\WINDOWS\SYSTEM32\windows.storage.dll
0x00007ffa933f0000 - 0x00007ffa93419000 	C:\WINDOWS\SYSTEM32\profapi.dll

dbghelp: loaded successfully - version: 4.0.5 - missing functions: none
symbol engine: initialized successfully - sym options: 0x614 - pdb path: .;D:\apps\JDK\jdk17.0.12_7\bin;C:\WINDOWS\SYSTEM32;C:\WINDOWS\WinSxS\amd64_microsoft.windows.common-controls_6595b64144ccf1df_6.0.26100.5074_none_3e0d6f78e32fd63f;C:\Windows\LVUAAgentInstBaseRoot\system32;D:\apps\JDK\jdk17.0.12_7\bin\server

VM Arguments:
jvm_args: -Dclassworlds.conf=C:\Program Files\JetBrains\IntelliJ IDEA 2024.3\plugins\maven\lib\maven3\bin\m2.conf -Dmaven.home=C:\Program Files\JetBrains\IntelliJ IDEA 2024.3\plugins\maven\lib\maven3 -Dlibrary.jansi.path=C:\Program Files\JetBrains\IntelliJ IDEA 2024.3\plugins\maven\lib\maven3\lib\jansi-native -Dmaven.multiModuleProjectDirectory=D:\dev\github\admin\openwj\tagtag\tagtag 
java_command: org.codehaus.plexus.classworlds.launcher.Launcher -Didea.version=2025.2.4 -Dmaven.ext.class.path=C:\Program Files\JetBrains\IntelliJ IDEA 2024.3\plugins\maven\lib\maven-event-listener.jar -Djansi.passthrough=true -Dstyle.color=always -s D:\apps\Maven\settings.xml -Dmaven.repo.local=D:\apps\Maven\repository package -f pom.xml
java_class_path (initial): C:\Program Files\JetBrains\IntelliJ IDEA 2024.3\plugins\maven\lib\maven3\boot\plexus-classworlds-2.8.0.jar
Launcher Type: SUN_STANDARD

[Global flags]
     intx CICompilerCount                          = 12                                        {product} {ergonomic}
     uint ConcGCThreads                            = 4                                         {product} {ergonomic}
     uint G1ConcRefinementThreads                  = 15                                        {product} {ergonomic}
   size_t G1HeapRegionSize                         = 2097152                                   {product} {ergonomic}
    uintx GCDrainStackTargetSize                   = 64                                        {product} {ergonomic}
   size_t InitialHeapSize                          = 264241152                                 {product} {ergonomic}
   size_t MarkStackSize                            = 4194304                                   {product} {ergonomic}
   size_t MaxHeapSize                              = 4219469824                                {product} {ergonomic}
   size_t MaxNewSize                               = 2531262464                                {product} {ergonomic}
   size_t MinHeapDeltaBytes                        = 2097152                                   {product} {ergonomic}
   size_t MinHeapSize                              = 8388608                                   {product} {ergonomic}
    uintx NonNMethodCodeHeapSize                   = 7602480                                {pd product} {ergonomic}
    uintx NonProfiledCodeHeapSize                  = 122027880                              {pd product} {ergonomic}
    uintx ProfiledCodeHeapSize                     = 122027880                              {pd product} {ergonomic}
    uintx ReservedCodeCacheSize                    = 251658240                              {pd product} {ergonomic}
     bool SegmentedCodeCache                       = true                                      {product} {ergonomic}
   size_t SoftMaxHeapSize                          = 4219469824                             {manageable} {ergonomic}
     bool UseCompressedClassPointers               = true                           {product lp64_product} {ergonomic}
     bool UseCompressedOops                        = true                           {product lp64_product} {ergonomic}
     bool UseG1GC                                  = true                                      {product} {ergonomic}
     bool UseLargePagesIndividualAllocation        = false                                  {pd product} {ergonomic}

Logging:
Log output configuration:
 #0: stdout all=warning uptime,level,tags
 #1: stderr all=off uptime,level,tags

Environment Variables:
JAVA_HOME=D:\apps\JDK\jdk17.0.12_7
PATH=D:\tools\chandao\ZenTao\zbox\nssm\win64;D:\apps\pm\ZenTao\bin\php;D:\apps\pm\ZenTao\bin\sliksvn;D:\apps\pm\ZenTao\zbox\nssm\win64;C:\Users\w80201\Desktop\pm\ZenTao\zbox\nssm\win64;D:\apps\JDK\jdk11\bin;C:\Windows\System32\HWAudioDriverLibs;C:\Windows\system32;C:\Windows;C:\Windows\System32\Wbem;C:\Windows\System32\WindowsPowerShell\v1.0\;C:\Windows\System32\OpenSSH\;C:\Users\admin\AppData\Local\Microsoft\WindowsApps;C:\Windows\system32\config\systemprofile\AppData\Local\Microsoft\WindowsApps;C:\windows\system32\HWAudioDriver\;D:\apps\Microsoft VS Code\bin;D:\apps\TortoiseSVN\bin;C:\Program Files\Git\cmd;C:\Users\w80201\.cargo\bin;C:\Users\w80201\AppData\Local\Microsoft\WindowsApps;D:\apps\IntelliJ IDEA 2024.1.3\bin;D:\apps\nvm;D:\apps\nodejs;D:\apps\Nmap;C:\ProgramData\w80201\GitHubDesktop\bin;C:\Users\w80201\AppData\Local\GitHubDesktop\bin;D:\apps\.gradle\apps\gradle-7.5\bin;D:\apps\nvm;C:\nvm4w\nodejs;C:\WINDOWS\system32;C:\WINDOWS;C:\WINDOWS\System32\Wbem;C:\WINDOWS\System32\WindowsPowerShell\v1.0\;C:\WINDOWS\System32\OpenSSH\;D:\apps\微信web开发者工具\dll;C:\Program Files (x86)\Microsoft\Edge\Application;C:\Program Files (x86)\Common Files\Oracle\Java\java8path;C:\Program Files (x86)\Common Files\Oracle\Java\javapath;D:\tools\chandao\ZenTao\zbox\nssm\win64;D:\apps\pm\ZenTao\bin\php;D:\apps\pm\ZenTao\bin\sliksvn;D:\apps\pm\ZenTao\zbox\nssm\win64;C:\Users\w80201\Desktop\pm\ZenTao\zbox\nssm\win64;D:\apps\JDK\jdk11\bin;C:\Windows\System32\HWAudioDriverLibs;C:\Windows\system32;C:\Windows;C:\Windows\System32\Wbem;C:\Windows\System32\WindowsPowerShell\v1.0\;C:\Windows\System32\OpenSSH\;C:\Users\admin\AppData\Local\Microsoft\WindowsApps;C:\Windows\system32\config\systemprofile\AppData\Local\Microsoft\WindowsApps;C:\windows\system32\HWAudioDriver\;D:\apps\Microsoft VS Code\bin;D:\apps\TortoiseSVN\bin;C:\Program Files\Git\cmd;C:\Users\w80201\.cargo\bin;C:\Users\w80201\AppData\Local\Microsoft\WindowsApps;D:\apps\IntelliJ IDEA 2024.1.3\bin;D:\apps\nvm;D:\apps\nodejs;D:\ap
USERNAME=w80201
OS=Windows_NT
PROCESSOR_IDENTIFIER=Intel64 Family 6 Model 151 Stepping 2, GenuineIntel
TMP=C:\Users\w80201\AppData\Local\Temp
TEMP=C:\Users\w80201\AppData\Local\Temp



Periodic native trim disabled


---------------  S Y S T E M  ---------------

OS:
 Windows 11 , 64 bit Build 26100 (10.0.26100.5074)
OS uptime: 1 days 0:31 hours
Hyper-V role detected

CPU: total 20 (initial active 20) (10 cores per cpu, 2 threads per core) family 6 model 151 stepping 2 microcode 0x22, cx8, cmov, fxsr, ht, mmx, 3dnowpref, sse, sse2, sse3, ssse3, sse4.1, sse4.2, popcnt, lzcnt, tsc, tscinvbit, avx, avx2, aes, erms, clmul, bmi1, bmi2, adx, sha, fma, vzeroupper, clflush, clflushopt, clwb, hv
Processor Information for all 20 processors :
  Max Mhz: 2100, Current Mhz: 2100, Mhz Limit: 2100

Memory: 4k page, system-wide physical 16088M (1804M free)
TotalPageFile size 39362M (AvailPageFile size 4129M)
current process WorkingSet (physical memory assigned to process): 41M, peak: 42M
current process commit charge ("private bytes"): 356M, peak: 357M

vm_info: OpenJDK 64-Bit Server VM (17.0.12+7-LTS) for windows-amd64 JRE (17.0.12+7-LTS), built on Jul 10 2024 20:46:33 by "Administrator" with MS VC++ 16.10 / 16.11 (VS2019)

END.
